#
# A fatal error has been detected by the Java Runtime Environment:
#
#  EXCEPTION_ACCESS_VIOLATION (0xc0000005) at pc=0x00007ff94b32b8f8, pid=12876, tid=1468
#
# JRE version: OpenJDK Runtime Environment Temurin-21.0.8+9 (21.0.8+9) (build 21.0.8+9-LTS)
# Java VM: OpenJDK 64-Bit Server VM Temurin-21.0.8+9 (21.0.8+9-LTS, mixed mode, sharing, tiered, compressed oops, compressed class ptrs, g1 gc, windows-amd64)
# Problematic frame:
# V  [jvm.dll+0x35b8f8]
#
# No core dump will be written. Minidumps are not enabled by default on client versions of Windows
#
# If you would like to submit a bug report, please visit:
#   https://github.com/adoptium/adoptium-support/issues
#

---------------  S U M M A R Y ------------

Command Line: --enable-native-access=ALL-UNNAMED -Dclassworlds.conf=C:\apache-maven-3.9.11\bin\m2.conf -Dmaven.home=C:\apache-maven-3.9.11 -Dlibrary.jansi.path=C:\apache-maven-3.9.11\lib\jansi-native -Dmaven.multiModuleProjectDirectory=C:\Users\wagne\WorkMatch-PI\auth-serve org.codehaus.plexus.classworlds.launcher.Launcher spring-boot:run

Host: Intel(R) Core(TM) i3 CPU         540  @ 3.07GHz, 4 cores, 7G,  Windows 10 , 64 bit Build 19041 (10.0.19041.5915)
Time: Fri Nov 14 21:03:11 2025 Hora oficial do Brasil elapsed time: 7.568764 seconds (0d 0h 0m 7s)

---------------  T H R E A D  ---------------

Current thread (0x0000021e7de142e0):  WorkerThread "GC Thread#2"    [id=1468, stack(0x000000425d300000,0x000000425d400000) (1024K)]

Stack: [0x000000425d300000,0x000000425d400000],  sp=0x000000425d3ff750,  free space=1021k
Native frames: (J=compiled Java code, j=interpreted, Vv=VM code, C=native code)
V  [jvm.dll+0x35b8f8]
V  [jvm.dll+0x35b58e]
V  [jvm.dll+0x36f6d9]
V  [jvm.dll+0x36fd9a]
V  [jvm.dll+0x36fe87]
V  [jvm.dll+0x370d3b]
V  [jvm.dll+0x8dc2e7]
V  [jvm.dll+0x857e6b]
V  [jvm.dll+0x6d0b0d]
C  [ucrtbase.dll+0x21bb2]
C  [KERNEL32.DLL+0x17374]
C  [ntdll.dll+0x4cc91]


siginfo: EXCEPTION_ACCESS_VIOLATION (0xc0000005), reading address 0x000000000017edb0


Registers:
RAX=0x0000000000000000, RBX=0x0000000084ab28f0, RCX=0x0000000000000014, RDX=0x0000000000000000
RSP=0x000000425d3ff750, RBP=0x0000000000000065, RSI=0x0000021e61086fa0, RDI=0x0000021e7e8491d0
R8 =0x000000000017edb0, R9 =0x00000000856889a8, R10=0x0000000000000010, R11=0x0000000000000001
R12=0x0000000000000003, R13=0x0000021e7e8491d0, R14=0x0000000000000000, R15=0x0000000000000000
RIP=0x00007ff94b32b8f8, EFLAGS=0x0000000000010246

XMM[0]=0x0000000101108fa8 0x0000000000000001
XMM[1]=0x0000000088324b50 0x0000000088321bf0
XMM[2]=0x8831dc5000000000 0x8831dbd000000000
XMM[3]=0x8831de708831ddf0 0x8831dd688831dce0
XMM[4]=0x0000000000000000 0x8831df008831dfb8
XMM[5]=0x0000000000000000 0x0000000088324b50
XMM[6]=0x00000005169830d8 0x000000000443c46f
XMM[7]=0x0000000000000000 0x0000000000000000
XMM[8]=0x0000000000000000 0x0000000000000000
XMM[9]=0x0000000000000000 0x0000000000000000
XMM[10]=0x0000000000000000 0x0000000000000000
XMM[11]=0x0000000000000000 0x0000000000000000
XMM[12]=0x0000000000000000 0x0000000000000000
XMM[13]=0x0000000000000000 0x0000000000000000
XMM[14]=0x0000000000000000 0x0000000000000000
XMM[15]=0x0000000000000000 0x0000000000000000
  MXCSR=0x00001fa0


Register to memory mapping:

RAX=0x0 is null
RBX=0x0000000084ab28f0 is pointing into object: [Ljava.lang.Object; 
{0x0000000084ab27e0} - klass: 'java/lang/Object'[]
 - length: 116
RCX=0x0000000000000014 is an unknown value
RDX=0x0 is null
RSP=0x000000425d3ff750 points into unknown readable memory: 0x0000021e7e849358 | 58 93 84 7e 1e 02 00 00
RBP=0x0000000000000065 is an unknown value
RSI=0x0000021e61086fa0 points into unknown readable memory: 0x0000000000000000 | 00 00 00 00 00 00 00 00
RDI=0x0000021e7e8491d0 points into unknown readable memory: 0x00007ff94ba02068 | 68 20 a0 4b f9 7f 00 00
R8 =1568176 is a compressed pointer to class: 0x0000021e0017edb0
java.util.concurrent.locks.ReentrantLock {0x0000021e0017edb8}
 - instance size:     2
 - klass size:        88
 - access:            public synchronized 
 - flags:             rewritten has_nonstatic_fields is_shared_boot_class has_localvariable_table has_final_method 
 - state:             fully_initialized
 - name:              'java/util/concurrent/locks/ReentrantLock'
 - super:             'java/lang/Object'
 - sub:               'com/google/common/collect/MapMakerInternalMap$Segment'   'com/google/common/cache/LocalCache$Segment'   'jdk/internal/loader/NativeLibraries$CountedLock'   'java/util/concurrent/ConcurrentHashMap$Segment'   (0 more klasses...)
 - arrays:            'java/util/concurrent/locks/ReentrantLock'[]
 - methods:           Array<T>(0x0000021e00833268)
 - method ordering:   Array<T>(0x0000021e00833570)
 - local interfaces:  Array<T>(0x0000021e00833558)
 - trans. interfaces: Array<T>(0x0000021e00833558)
 - secondary supers: Array<T>(0x0000021e008325a8)
 - hash_slot:         11
 - bitmap:            0x0100000100000000
 - constants:         constant pool [177] {0x0000021e00832668} for 'java/util/concurrent/locks/ReentrantLock' cache=0x0000021e003cb008
 - class loader data:  loader data: 0x0000021e61137780 of 'bootstrap'
 - source file:       'ReentrantLock.java'
 - inner classes:     Array<T>(0x0000021e00833238)
 - nest members:     Array<T>(0x0000021e008335e0)
 - permitted subclasses:     Array<T>(0x0000021e00611dd8)
 - java mirror:       a 'java/lang/Class'{0x00000000822dbd20} = 'java/util/concurrent/locks/ReentrantLock'
 - vtable length      19  (start addr: 0x0000021e0017ef80)
 - itable length      10 (start addr: 0x0000021e0017f018)
 - ---- static fields (1 words):
 - private static final 'serialVersionUID' 'J' @112 
 - ---- non-static fields (1 words):
 - private final 'sync' 'Ljava/util/concurrent/locks/ReentrantLock$Sync;' @12 
 - non-static oop maps: 12-12 
R9 =0x00000000856889a8 is an oop: java.util.concurrent.locks.ReentrantLock$NonfairSync 
{0x00000000856889a8} - klass: 'java/util/concurrent/locks/ReentrantLock$NonfairSync'
 - ---- fields (total size 4 words):
 - private transient 'exclusiveOwnerThread' 'Ljava/lang/Thread;' @12  null (0x00000000)
 - private volatile 'state' 'I' @16  0 (0x00000000)
 - private volatile transient 'head' 'Ljava/util/concurrent/locks/AbstractQueuedSynchronizer$Node;' @20  null (0x00000000)
 - private volatile transient 'tail' 'Ljava/util/concurrent/locks/AbstractQueuedSynchronizer$Node;' @24  null (0x00000000)
R10=0x0000000000000010 is an unknown value
R11=0x0000000000000001 is an unknown value
R12=0x0000000000000003 is an unknown value
R13=0x0000021e7e8491d0 points into unknown readable memory: 0x00007ff94ba02068 | 68 20 a0 4b f9 7f 00 00
R14=0x0 is null
R15=0x0 is null

Top of Stack: (sp=0x000000425d3ff750)
0x000000425d3ff750:   0000021e7e849358 00007ff94b3290cb
0x000000425d3ff760:   0000000084ab28f4 0000000084ab27e0
0x000000425d3ff770:   0000021e7d504c90 0000021e7de13bd0
0x000000425d3ff780:   0000000084ab0a78 0000021e5ee56870
0x000000425d3ff790:   000000425d3ff830 00007ff94b32b58e
0x000000425d3ff7a0:   0000021e7e8491d0 0000021e7e8491d0
0x000000425d3ff7b0:   0000021e5ee56870 000000425d3ff830
0x000000425d3ff7c0:   000000425d3ff8a0 00007ff94b33f6d9
0x000000425d3ff7d0:   0000000084ed9342 0000000000000000
0x000000425d3ff7e0:   0000000000000000 000000425d3ff8a0
0x000000425d3ff7f0:   000000425c6ff100 00007ff94b69ad8f
0x000000425d3ff800:   0000000000000000 0000000000000000
0x000000425d3ff810:   000000425d000000 0000000000000012
0x000000425d3ff820:   00007ff900000000 00007ff94b8330c7
0x000000425d3ff830:   0000021e7d504c90 0000021e7de13bd0
0x000000425d3ff840:   00000000000003d8 0000021e7d505078
0x000000425d3ff850:   0000000000000000 00007ff94b33fd9a
0x000000425d3ff860:   0000021e7e8491d0 0000000000000014
0x000000425d3ff870:   000000425c6ff100 0000021e61085b50
0x000000425d3ff880:   0000000000000000 0000000000000242
0x000000425d3ff890:   000000000443c46f 00000005169830d8
0x000000425d3ff8a0:   00007ff94ba048d8 0000000000000000
0x000000425d3ff8b0:   0000000000000000 0000000000000000
0x000000425d3ff8c0:   0000021e6107e890 0000021e7e8491d0
0x000000425d3ff8d0:   0000021e5ee56870 000000425c6ff130
0x000000425d3ff8e0:   0000021e00000014 00000000000003d8
0x000000425d3ff8f0:   0000000000000000 0000000000000000
0x000000425d3ff900:   0000021e7d504ca0 00007ff94b33fe87
0x000000425d3ff910:   0000021e7e8491d0 0000000000000000
0x000000425d3ff920:   0000021e7de27130 000000425c6ff100
0x000000425d3ff930:   0000021e00000016 000000425c6ff800
0x000000425d3ff940:   000000425c6ff100 00007ff94b340d3b 

Instructions: (pc=0x00007ff94b32b8f8)
0x00007ff94b32b7f8:   ff 48 8d 53 fe 48 8b cf e8 9b f3 ff ff e9 d6 fd
0x00007ff94b32b808:   ff ff 66 0f 1f 44 00 00 48 8b 77 10 8b ae 80 00
0x00007ff94b32b818:   00 00 8b cd 8b 86 00 01 00 00 2b c8 81 e1 ff ff
0x00007ff94b32b828:   01 00 41 3b ce 0f 86 48 02 00 00 ff cd 81 e5 ff
0x00007ff94b32b838:   ff 01 00 89 ae 80 00 00 00 e8 aa 6f 36 00 90 8b
0x00007ff94b32b848:   d5 8b 86 00 01 00 00 8b cd 48 8b 9e 80 01 00 00
0x00007ff94b32b858:   2b c8 81 e1 ff ff 01 00 81 f9 ff ff 01 00 48 8b
0x00007ff94b32b868:   1c eb 41 0f 44 cf 85 c9 75 3d 90 89 6c 24 50 48
0x00007ff94b32b878:   8b 86 00 01 00 00 48 8b c8 48 c1 e9 20 ff c1 89
0x00007ff94b32b888:   4c 24 54 3b e8 0f 85 d6 01 00 00 48 c1 e1 20 48
0x00007ff94b32b898:   0b ca f0 48 0f b1 8e 00 01 00 00 0f 85 c0 01 00
0x00007ff94b32b8a8:   00 8b 86 00 01 00 00 f6 c3 01 0f 84 de 00 00 00
0x00007ff94b32b8b8:   8b 0d 6a 47 8d 00 48 ff cb 48 8b 57 08 44 8b 03
0x00007ff94b32b8c8:   49 d3 e0 8b 8a b0 05 00 00 4c 03 05 48 47 8d 00
0x00007ff94b32b8d8:   48 8b 92 a0 05 00 00 49 8b c0 48 d3 e8 0f b7 14
0x00007ff94b32b8e8:   42 0f b7 c2 66 c1 e8 08 84 c0 0f 88 18 ff ff ff
0x00007ff94b32b8f8:   4d 8b 08 41 0f b6 c1 24 03 3c 03 75 06 49 83 e1
0x00007ff94b32b908:   fc eb 0b 48 8b cf e8 8d ed ff ff 4c 8b c8 8b 0d
0x00007ff94b32b918:   0c 47 8d 00 49 8b d1 48 2b 15 fa 46 8d 00 48 d3
0x00007ff94b32b928:   ea 89 13 49 8b d1 8b 0d 7c 1b 94 00 48 33 d3 48
0x00007ff94b32b938:   d3 ea 48 85 d2 0f 84 cd fe ff ff 48 8b 47 08 4c
0x00007ff94b32b948:   8b 80 a0 05 00 00 8b 88 b0 05 00 00 48 8b c3 48
0x00007ff94b32b958:   d3 e8 41 0f b7 14 40 66 c1 ea 08 80 fa fe 0f 84
0x00007ff94b32b968:   a4 fe ff ff 49 8b d1 48 d3 ea 41 0f b7 14 50 0f
0x00007ff94b32b978:   b7 c2 66 c1 e8 08 84 c0 0f 89 8a fe ff ff 4c 8b
0x00007ff94b32b988:   c3 48 8b cf e8 7f d1 ff ff e9 7a fe ff ff f6 c3
0x00007ff94b32b998:   03 0f 85 b9 00 00 00 48 8b 57 08 4c 8b 03 49 8b
0x00007ff94b32b9a8:   c0 8b 8a b0 05 00 00 48 8b 92 a0 05 00 00 48 d3
0x00007ff94b32b9b8:   e8 0f b7 14 42 0f b7 c2 66 c1 e8 08 84 c0 0f 88
0x00007ff94b32b9c8:   44 fe ff ff 4d 8b 08 41 0f b6 c1 24 03 3c 03 75
0x00007ff94b32b9d8:   06 49 83 e1 fc eb 0b 48 8b cf e8 b9 ec ff ff 4c
0x00007ff94b32b9e8:   8b c8 49 8b d1 4c 89 0b 8b 0d ba 1a 94 00 48 33 


Stack slot to memory mapping:

stack at sp + 0 slots: 0x0000021e7e849358 points into unknown readable memory: 0x00007ff94ba02020 | 20 20 a0 4b f9 7f 00 00
stack at sp + 1 slots: 0x00007ff94b3290cb jvm.dll
stack at sp + 2 slots: 0x0000000084ab28f4 is pointing into object: [Ljava.lang.Object; 
{0x0000000084ab27e0} - klass: 'java/lang/Object'[]
 - length: 116
stack at sp + 3 slots: 0x0000000084ab27e0 is an oop: [Ljava.lang.Object; 
{0x0000000084ab27e0} - klass: 'java/lang/Object'[]
 - length: 116
stack at sp + 4 slots: 0x0000021e7d504c90 points into unknown readable memory: 0x0000000000000000 | 00 00 00 00 00 00 00 00
stack at sp + 5 slots: 0x0000021e7de13bd0 points into unknown readable memory: 0x0000021e00000004 | 04 00 00 00 1e 02 00 00
stack at sp + 6 slots: 0x0000000084ab0a78 is pointing into object: org.eclipse.sisu.inject.LocatedBeans 
{0x0000000084ab0a60} - klass: 'org/eclipse/sisu/inject/LocatedBeans'
 - ---- fields (total size 4 words):
 - final 'key' 'Lcom/google/inject/Key;' @12  a 'com/google/inject/Key'{0x0000000084ab0a10} (0x84ab0a10)
 - final 'explicitBindings' 'Lorg/eclipse/sisu/inject/RankedBindings;' @16  a 'org/eclipse/sisu/inject/RankedBindings'{0x0000000084ab0a80} (0x84ab0a80)
 - final 'implicitBindings' 'Lorg/eclipse/sisu/inject/ImplicitBindings;' @20  null (0x00000000)
 - final 'strategy' 'Lorg/eclipse/sisu/inject/QualifyingStrategy;' @24  a 'org/eclipse/sisu/inject/QualifyingStrategy$1'{0x0000000082545fb8} (0x82545fb8)
 - final 'beans' 'Lorg/eclipse/sisu/inject/BeanCache;' @28  a 'org/eclipse/sisu/inject/BeanCache'{0x0000000084ab2c18} (0x84ab2c18)
stack at sp + 7 slots: 0x0000021e5ee56870 points into unknown readable memory: 0x00007ff94b9faf58 | 58 af 9f 4b f9 7f 00 00


---------------  P R O C E S S  ---------------

Threads class SMR info:
_java_thread_list=0x0000021e7e63ff90, length=13, elements={
0x0000021e6106d660, 0x0000021e7d38eaa0, 0x0000021e7d38fb60, 0x0000021e7d393d80,
0x0000021e7d394980, 0x0000021e7d395580, 0x0000021e7d399680, 0x0000021e7d3a3420,
0x0000021e7d3a3eb0, 0x0000021e7d4e2d70, 0x0000021e7d4e55a0, 0x0000021e7e52fea0,
0x0000021e7e9e7e90
}

Java Threads: ( => current thread )
  0x0000021e6106d660 JavaThread "main"                              [_thread_blocked, id=9896, stack(0x000000425bf00000,0x000000425c000000) (1024K)]
  0x0000021e7d38eaa0 JavaThread "Reference Handler"          daemon [_thread_blocked, id=6868, stack(0x000000425c700000,0x000000425c800000) (1024K)]
  0x0000021e7d38fb60 JavaThread "Finalizer"                  daemon [_thread_blocked, id=13352, stack(0x000000425c800000,0x000000425c900000) (1024K)]
  0x0000021e7d393d80 JavaThread "Signal Dispatcher"          daemon [_thread_blocked, id=10580, stack(0x000000425c900000,0x000000425ca00000) (1024K)]
  0x0000021e7d394980 JavaThread "Attach Listener"            daemon [_thread_blocked, id=2304, stack(0x000000425ca00000,0x000000425cb00000) (1024K)]
  0x0000021e7d395580 JavaThread "Service Thread"             daemon [_thread_blocked, id=11208, stack(0x000000425cb00000,0x000000425cc00000) (1024K)]
  0x0000021e7d399680 JavaThread "Monitor Deflation Thread"   daemon [_thread_blocked, id=3112, stack(0x000000425cc00000,0x000000425cd00000) (1024K)]
  0x0000021e7d3a3420 JavaThread "C2 CompilerThread0"         daemon [_thread_blocked, id=10316, stack(0x000000425cd00000,0x000000425ce00000) (1024K)]
  0x0000021e7d3a3eb0 JavaThread "C1 CompilerThread0"         daemon [_thread_blocked, id=15772, stack(0x000000425ce00000,0x000000425cf00000) (1024K)]
  0x0000021e7d4e2d70 JavaThread "Notification Thread"        daemon [_thread_blocked, id=2688, stack(0x000000425cf00000,0x000000425d000000) (1024K)]
  0x0000021e7d4e55a0 JavaThread "Common-Cleaner"             daemon [_thread_blocked, id=3724, stack(0x000000425d000000,0x000000425d100000) (1024K)]
  0x0000021e7e52fea0 JavaThread "Thread-1"                   daemon [_thread_blocked, id=780, stack(0x000000425d100000,0x000000425d200000) (1024K)]
  0x0000021e7e9e7e90 JavaThread "C2 CompilerThread1"         daemon [_thread_blocked, id=14800, stack(0x000000425d500000,0x000000425d600000) (1024K)]
Total: 13

Other Threads:
  0x0000021e7d36f5d0 VMThread "VM Thread"                           [id=8740, stack(0x000000425c600000,0x000000425c700000) (1024K)]
  0x0000021e7d35f250 WatcherThread "VM Periodic Task Thread"        [id=14876, stack(0x000000425c500000,0x000000425c600000) (1024K)]
  0x0000021e610c2da0 WorkerThread "GC Thread#0"                     [id=12784, stack(0x000000425c000000,0x000000425c100000) (1024K)]
  0x0000021e7de13f40 WorkerThread "GC Thread#1"                     [id=7572, stack(0x000000425d200000,0x000000425d300000) (1024K)]
=>0x0000021e7de142e0 WorkerThread "GC Thread#2"                     [id=1468, stack(0x000000425d300000,0x000000425d400000) (1024K)]
  0x0000021e7db6d4b0 WorkerThread "GC Thread#3"                     [id=13192, stack(0x000000425d400000,0x000000425d500000) (1024K)]
  0x0000021e610d3af0 ConcurrentGCThread "G1 Main Marker"            [id=11100, stack(0x000000425c100000,0x000000425c200000) (1024K)]
  0x0000021e610d4d90 WorkerThread "G1 Conc#0"                       [id=11972, stack(0x000000425c200000,0x000000425c300000) (1024K)]
  0x0000021e7d2320c0 ConcurrentGCThread "G1 Refine#0"               [id=10140, stack(0x000000425c300000,0x000000425c400000) (1024K)]
  0x0000021e6113b750 ConcurrentGCThread "G1 Service"                [id=7184, stack(0x000000425c400000,0x000000425c500000) (1024K)]
Total: 10

Threads with active compile tasks:
Total: 0

VM state: at safepoint (normal execution)

VM Mutex/Monitor currently owned by a thread:  ([mutex/lock_event])
[0x00007ff94bc85458] Threads_lock - owner thread: 0x0000021e7d36f5d0
[0x00007ff94bc85558] Heap_lock - owner thread: 0x0000021e6106d660

Heap address: 0x0000000082200000, size: 2014 MB, Compressed Oops mode: 32-bit

CDS archive(s) mapped at: [0x0000021e00000000-0x0000021e00c80000-0x0000021e00c80000), size 13107200, SharedBaseAddress: 0x0000021e00000000, ArchiveRelocationMode: 1.
Compressed class space mapped at: 0x0000021e01000000-0x0000021e41000000, reserved size: 1073741824
Narrow klass base: 0x0000021e00000000, Narrow klass shift: 0, Narrow klass range: 0x100000000

GC Precious Log:
 CardTable entry size: 512
 Card Set container configuration: InlinePtr #cards 5 size 8 Array Of Cards #cards 12 size 40 Howl #buckets 4 coarsen threshold 1843 Howl Bitmap #cards 512 size 80 coarsen threshold 460 Card regions per heap region 1 cards per card region 2048
 CPUs: 4 total, 4 available
 Memory: 8052M
 Large Page Support: Disabled
 NUMA Support: Disabled
 Compressed Oops: Enabled (32-bit)
 Heap Region Size: 1M
 Heap Min Capacity: 8M
 Heap Initial Capacity: 126M
 Heap Max Capacity: 2014M
 Pre-touch: Disabled
 Parallel Workers: 4
 Concurrent Workers: 1
 Concurrent Refinement Workers: 4
 Periodic GC: Disabled

Heap:
 garbage-first heap   total 129024K, used 113845K [0x0000000082200000, 0x0000000100000000)
  region size 1024K, 71 young (72704K), 5 survivors (5120K)
 Metaspace       used 19996K, committed 20288K, reserved 1114112K
  class space    used 2321K, committed 2432K, reserved 1048576K

Heap Regions: E=young(eden), S=young(survivor), O=old, HS=humongous(starts), HC=humongous(continues), CS=collection set, F=free, TAMS=top-at-mark-start, PB=parsable bottom
|   0|0x0000000082200000, 0x0000000082300000, 0x0000000082300000|100%| O|  |TAMS 0x0000000082200000| PB 0x0000000082200000| Untracked 
|   1|0x0000000082300000, 0x0000000082400000, 0x0000000082400000|100%| O|  |TAMS 0x0000000082300000| PB 0x0000000082300000| Untracked 
|   2|0x0000000082400000, 0x0000000082500000, 0x0000000082500000|100%| O|  |TAMS 0x0000000082400000| PB 0x0000000082400000| Untracked 
|   3|0x0000000082500000, 0x0000000082600000, 0x0000000082600000|100%| O|  |TAMS 0x0000000082500000| PB 0x0000000082500000| Untracked 
|   4|0x0000000082600000, 0x0000000082700000, 0x0000000082700000|100%|HS|  |TAMS 0x0000000082600000| PB 0x0000000082600000| Complete 
|   5|0x0000000082700000, 0x0000000082800000, 0x0000000082800000|100%|HC|  |TAMS 0x0000000082700000| PB 0x0000000082700000| Complete 
|   6|0x0000000082800000, 0x0000000082900000, 0x0000000082900000|100%|HC|  |TAMS 0x0000000082800000| PB 0x0000000082800000| Complete 
|   7|0x0000000082900000, 0x0000000082a00000, 0x0000000082a00000|100%|HC|  |TAMS 0x0000000082900000| PB 0x0000000082900000| Complete 
|   8|0x0000000082a00000, 0x0000000082b00000, 0x0000000082b00000|100%|HC|  |TAMS 0x0000000082a00000| PB 0x0000000082a00000| Complete 
|   9|0x0000000082b00000, 0x0000000082c00000, 0x0000000082c00000|100%|HC|  |TAMS 0x0000000082b00000| PB 0x0000000082b00000| Complete 
|  10|0x0000000082c00000, 0x0000000082d00000, 0x0000000082d00000|100%|HC|  |TAMS 0x0000000082c00000| PB 0x0000000082c00000| Complete 
|  11|0x0000000082d00000, 0x0000000082e00000, 0x0000000082e00000|100%|HC|  |TAMS 0x0000000082d00000| PB 0x0000000082d00000| Complete 
|  12|0x0000000082e00000, 0x0000000082f00000, 0x0000000082f00000|100%|HS|  |TAMS 0x0000000082e00000| PB 0x0000000082e00000| Complete 
|  13|0x0000000082f00000, 0x0000000083000000, 0x0000000083000000|100%|HC|  |TAMS 0x0000000082f00000| PB 0x0000000082f00000| Complete 
|  14|0x0000000083000000, 0x0000000083100000, 0x0000000083100000|100%|HC|  |TAMS 0x0000000083000000| PB 0x0000000083000000| Complete 
|  15|0x0000000083100000, 0x0000000083200000, 0x0000000083200000|100%|HC|  |TAMS 0x0000000083100000| PB 0x0000000083100000| Complete 
|  16|0x0000000083200000, 0x0000000083300000, 0x0000000083300000|100%|HC|  |TAMS 0x0000000083200000| PB 0x0000000083200000| Complete 
|  17|0x0000000083300000, 0x0000000083400000, 0x0000000083400000|100%|HC|  |TAMS 0x0000000083300000| PB 0x0000000083300000| Complete 
|  18|0x0000000083400000, 0x0000000083500000, 0x0000000083500000|100%|HC|  |TAMS 0x0000000083400000| PB 0x0000000083400000| Complete 
|  19|0x0000000083500000, 0x0000000083600000, 0x0000000083600000|100%|HC|  |TAMS 0x0000000083500000| PB 0x0000000083500000| Complete 
|  20|0x0000000083600000, 0x0000000083700000, 0x0000000083700000|100%|HC|  |TAMS 0x0000000083600000| PB 0x0000000083600000| Complete 
|  21|0x0000000083700000, 0x0000000083800000, 0x0000000083800000|100%|HC|  |TAMS 0x0000000083700000| PB 0x0000000083700000| Complete 
|  22|0x0000000083800000, 0x0000000083900000, 0x0000000083900000|100%|HC|  |TAMS 0x0000000083800000| PB 0x0000000083800000| Complete 
|  23|0x0000000083900000, 0x0000000083a00000, 0x0000000083a00000|100%|HC|  |TAMS 0x0000000083900000| PB 0x0000000083900000| Complete 
|  24|0x0000000083a00000, 0x0000000083b00000, 0x0000000083b00000|100%|HS|  |TAMS 0x0000000083a00000| PB 0x0000000083a00000| Complete 
|  25|0x0000000083b00000, 0x0000000083c00000, 0x0000000083c00000|100%|HC|  |TAMS 0x0000000083b00000| PB 0x0000000083b00000| Complete 
|  26|0x0000000083c00000, 0x0000000083d00000, 0x0000000083d00000|100%|HC|  |TAMS 0x0000000083c00000| PB 0x0000000083c00000| Complete 
|  27|0x0000000083d00000, 0x0000000083e00000, 0x0000000083e00000|100%|HC|  |TAMS 0x0000000083d00000| PB 0x0000000083d00000| Complete 
|  28|0x0000000083e00000, 0x0000000083f00000, 0x0000000083f00000|100%|HC|  |TAMS 0x0000000083e00000| PB 0x0000000083e00000| Complete 
|  29|0x0000000083f00000, 0x0000000084000000, 0x0000000084000000|100%|HC|  |TAMS 0x0000000083f00000| PB 0x0000000083f00000| Complete 
|  30|0x0000000084000000, 0x0000000084100000, 0x0000000084100000|100%|HC|  |TAMS 0x0000000084000000| PB 0x0000000084000000| Complete 
|  31|0x0000000084100000, 0x0000000084200000, 0x0000000084200000|100%|HC|  |TAMS 0x0000000084100000| PB 0x0000000084100000| Complete 
|  32|0x0000000084200000, 0x0000000084300000, 0x0000000084300000|100%|HC|  |TAMS 0x0000000084200000| PB 0x0000000084200000| Complete 
|  33|0x0000000084300000, 0x0000000084400000, 0x0000000084400000|100%|HC|  |TAMS 0x0000000084300000| PB 0x0000000084300000| Complete 
|  34|0x0000000084400000, 0x0000000084500000, 0x0000000084500000|100%|HC|  |TAMS 0x0000000084400000| PB 0x0000000084400000| Complete 
|  35|0x0000000084500000, 0x0000000084600000, 0x0000000084600000|100%|HC|  |TAMS 0x0000000084500000| PB 0x0000000084500000| Complete 
|  36|0x0000000084600000, 0x0000000084700000, 0x0000000084700000|100%|HS|  |TAMS 0x0000000084600000| PB 0x0000000084600000| Complete 
|  37|0x0000000084700000, 0x0000000084800000, 0x0000000084800000|100%| O|  |TAMS 0x0000000084700000| PB 0x0000000084700000| Untracked 
|  38|0x0000000084800000, 0x0000000084900000, 0x0000000084900000|100%| O|  |TAMS 0x0000000084800000| PB 0x0000000084800000| Untracked 
|  39|0x0000000084900000, 0x0000000084a00000, 0x0000000084a00000|100%| O|  |TAMS 0x0000000084900000| PB 0x0000000084900000| Untracked 
|  40|0x0000000084a00000, 0x0000000084b00000, 0x0000000084b00000|100%| O|  |TAMS 0x0000000084a00000| PB 0x0000000084a00000| Untracked 
|  41|0x0000000084b00000, 0x0000000084c00000, 0x0000000084c00000|100%| O|  |TAMS 0x0000000084b00000| PB 0x0000000084b00000| Untracked 
|  42|0x0000000084c00000, 0x0000000084cf4580, 0x0000000084d00000| 95%| E|CS|TAMS 0x0000000084c00000| PB 0x0000000084c00000| Complete 
|  43|0x0000000084d00000, 0x0000000084e00000, 0x0000000084e00000|100%| E|CS|TAMS 0x0000000084d00000| PB 0x0000000084d00000| Complete 
|  44|0x0000000084e00000, 0x0000000084f00000, 0x0000000084f00000|100%| E|CS|TAMS 0x0000000084e00000| PB 0x0000000084e00000| Complete 
|  45|0x0000000084f00000, 0x0000000085000000, 0x0000000085000000|100%| E|CS|TAMS 0x0000000084f00000| PB 0x0000000084f00000| Complete 
|  46|0x0000000085000000, 0x0000000085100000, 0x0000000085100000|100%| E|CS|TAMS 0x0000000085000000| PB 0x0000000085000000| Complete 
|  47|0x0000000085100000, 0x0000000085200000, 0x0000000085200000|100%| E|CS|TAMS 0x0000000085100000| PB 0x0000000085100000| Complete 
|  48|0x0000000085200000, 0x0000000085300000, 0x0000000085300000|100%| E|CS|TAMS 0x0000000085200000| PB 0x0000000085200000| Complete 
|  49|0x0000000085300000, 0x0000000085400000, 0x0000000085400000|100%| E|CS|TAMS 0x0000000085300000| PB 0x0000000085300000| Complete 
|  50|0x0000000085400000, 0x0000000085500000, 0x0000000085500000|100%| E|CS|TAMS 0x0000000085400000| PB 0x0000000085400000| Complete 
|  51|0x0000000085500000, 0x0000000085600000, 0x0000000085600000|100%| O|  |TAMS 0x0000000085500000| PB 0x0000000085500000| Untracked 
|  52|0x0000000085600000, 0x0000000085700000, 0x0000000085700000|100%| O|  |TAMS 0x0000000085600000| PB 0x0000000085600000| Untracked 
|  53|0x0000000085700000, 0x0000000085761d80, 0x0000000085800000| 38%| O|  |TAMS 0x0000000085700000| PB 0x0000000085700000| Untracked 
|  54|0x0000000085800000, 0x0000000085800000, 0x0000000085900000|  0%| F|  |TAMS 0x0000000085800000| PB 0x0000000085800000| Untracked 
|  55|0x0000000085900000, 0x0000000085980000, 0x0000000085a00000| 50%| S|  |TAMS 0x0000000085900000| PB 0x0000000085900000| Complete 
|  56|0x0000000085a00000, 0x0000000085b00000, 0x0000000085b00000|100%| S|  |TAMS 0x0000000085a00000| PB 0x0000000085a00000| Complete 
|  57|0x0000000085b00000, 0x0000000085c00000, 0x0000000085c00000|100%| S|  |TAMS 0x0000000085b00000| PB 0x0000000085b00000| Complete 
|  58|0x0000000085c00000, 0x0000000085d00000, 0x0000000085d00000|100%| S|  |TAMS 0x0000000085c00000| PB 0x0000000085c00000| Complete 
|  59|0x0000000085d00000, 0x0000000085e00000, 0x0000000085e00000|100%| S|  |TAMS 0x0000000085d00000| PB 0x0000000085d00000| Complete 
|  60|0x0000000085e00000, 0x0000000085f00000, 0x0000000085f00000|100%| E|CS|TAMS 0x0000000085e00000| PB 0x0000000085e00000| Complete 
|  61|0x0000000085f00000, 0x0000000086000000, 0x0000000086000000|100%| E|CS|TAMS 0x0000000085f00000| PB 0x0000000085f00000| Complete 
|  62|0x0000000086000000, 0x0000000086100000, 0x0000000086100000|100%| E|CS|TAMS 0x0000000086000000| PB 0x0000000086000000| Complete 
|  63|0x0000000086100000, 0x0000000086200000, 0x0000000086200000|100%| E|CS|TAMS 0x0000000086100000| PB 0x0000000086100000| Complete 
|  64|0x0000000086200000, 0x0000000086300000, 0x0000000086300000|100%| E|CS|TAMS 0x0000000086200000| PB 0x0000000086200000| Complete 
|  65|0x0000000086300000, 0x0000000086400000, 0x0000000086400000|100%| E|CS|TAMS 0x0000000086300000| PB 0x0000000086300000| Complete 
|  66|0x0000000086400000, 0x0000000086500000, 0x0000000086500000|100%| E|CS|TAMS 0x0000000086400000| PB 0x0000000086400000| Complete 
|  67|0x0000000086500000, 0x0000000086600000, 0x0000000086600000|100%| E|CS|TAMS 0x0000000086500000| PB 0x0000000086500000| Complete 
|  68|0x0000000086600000, 0x0000000086700000, 0x0000000086700000|100%| E|CS|TAMS 0x0000000086600000| PB 0x0000000086600000| Complete 
|  69|0x0000000086700000, 0x0000000086800000, 0x0000000086800000|100%| E|CS|TAMS 0x0000000086700000| PB 0x0000000086700000| Complete 
|  70|0x0000000086800000, 0x0000000086900000, 0x0000000086900000|100%| E|CS|TAMS 0x0000000086800000| PB 0x0000000086800000| Complete 
|  71|0x0000000086900000, 0x0000000086a00000, 0x0000000086a00000|100%| E|CS|TAMS 0x0000000086900000| PB 0x0000000086900000| Complete 
|  72|0x0000000086a00000, 0x0000000086b00000, 0x0000000086b00000|100%| E|CS|TAMS 0x0000000086a00000| PB 0x0000000086a00000| Complete 
|  73|0x0000000086b00000, 0x0000000086c00000, 0x0000000086c00000|100%| E|CS|TAMS 0x0000000086b00000| PB 0x0000000086b00000| Complete 
|  74|0x0000000086c00000, 0x0000000086d00000, 0x0000000086d00000|100%| E|CS|TAMS 0x0000000086c00000| PB 0x0000000086c00000| Complete 
|  75|0x0000000086d00000, 0x0000000086e00000, 0x0000000086e00000|100%| E|CS|TAMS 0x0000000086d00000| PB 0x0000000086d00000| Complete 
|  76|0x0000000086e00000, 0x0000000086f00000, 0x0000000086f00000|100%| E|CS|TAMS 0x0000000086e00000| PB 0x0000000086e00000| Complete 
|  77|0x0000000086f00000, 0x0000000087000000, 0x0000000087000000|100%| E|CS|TAMS 0x0000000086f00000| PB 0x0000000086f00000| Complete 
|  78|0x0000000087000000, 0x0000000087100000, 0x0000000087100000|100%| E|CS|TAMS 0x0000000087000000| PB 0x0000000087000000| Complete 
|  79|0x0000000087100000, 0x0000000087200000, 0x0000000087200000|100%| E|CS|TAMS 0x0000000087100000| PB 0x0000000087100000| Complete 
|  80|0x0000000087200000, 0x0000000087300000, 0x0000000087300000|100%| E|CS|TAMS 0x0000000087200000| PB 0x0000000087200000| Complete 
|  81|0x0000000087300000, 0x0000000087400000, 0x0000000087400000|100%| E|CS|TAMS 0x0000000087300000| PB 0x0000000087300000| Complete 
|  82|0x0000000087400000, 0x0000000087500000, 0x0000000087500000|100%| E|CS|TAMS 0x0000000087400000| PB 0x0000000087400000| Complete 
|  83|0x0000000087500000, 0x0000000087600000, 0x0000000087600000|100%| E|CS|TAMS 0x0000000087500000| PB 0x0000000087500000| Complete 
|  84|0x0000000087600000, 0x0000000087700000, 0x0000000087700000|100%| E|CS|TAMS 0x0000000087600000| PB 0x0000000087600000| Complete 
|  85|0x0000000087700000, 0x0000000087800000, 0x0000000087800000|100%| E|CS|TAMS 0x0000000087700000| PB 0x0000000087700000| Complete 
|  86|0x0000000087800000, 0x0000000087900000, 0x0000000087900000|100%| E|CS|TAMS 0x0000000087800000| PB 0x0000000087800000| Complete 
|  87|0x0000000087900000, 0x0000000087a00000, 0x0000000087a00000|100%| E|CS|TAMS 0x0000000087900000| PB 0x0000000087900000| Complete 
|  88|0x0000000087a00000, 0x0000000087b00000, 0x0000000087b00000|100%| E|CS|TAMS 0x0000000087a00000| PB 0x0000000087a00000| Complete 
|  89|0x0000000087b00000, 0x0000000087c00000, 0x0000000087c00000|100%| E|CS|TAMS 0x0000000087b00000| PB 0x0000000087b00000| Complete 
|  90|0x0000000087c00000, 0x0000000087d00000, 0x0000000087d00000|100%| E|CS|TAMS 0x0000000087c00000| PB 0x0000000087c00000| Complete 
|  91|0x0000000087d00000, 0x0000000087e00000, 0x0000000087e00000|100%| E|CS|TAMS 0x0000000087d00000| PB 0x0000000087d00000| Complete 
|  92|0x0000000087e00000, 0x0000000087f00000, 0x0000000087f00000|100%| E|CS|TAMS 0x0000000087e00000| PB 0x0000000087e00000| Complete 
|  93|0x0000000087f00000, 0x0000000088000000, 0x0000000088000000|100%| E|CS|TAMS 0x0000000087f00000| PB 0x0000000087f00000| Complete 
|  94|0x0000000088000000, 0x0000000088100000, 0x0000000088100000|100%| E|CS|TAMS 0x0000000088000000| PB 0x0000000088000000| Complete 
|  95|0x0000000088100000, 0x0000000088200000, 0x0000000088200000|100%| E|CS|TAMS 0x0000000088100000| PB 0x0000000088100000| Complete 
|  96|0x0000000088200000, 0x0000000088300000, 0x0000000088300000|100%| E|CS|TAMS 0x0000000088200000| PB 0x0000000088200000| Complete 
|  97|0x0000000088300000, 0x0000000088400000, 0x0000000088400000|100%| E|CS|TAMS 0x0000000088300000| PB 0x0000000088300000| Complete 
|  98|0x0000000088400000, 0x0000000088500000, 0x0000000088500000|100%| E|CS|TAMS 0x0000000088400000| PB 0x0000000088400000| Complete 
|  99|0x0000000088500000, 0x0000000088600000, 0x0000000088600000|100%| E|CS|TAMS 0x0000000088500000| PB 0x0000000088500000| Complete 
| 100|0x0000000088600000, 0x0000000088700000, 0x0000000088700000|100%| E|CS|TAMS 0x0000000088600000| PB 0x0000000088600000| Complete 
| 101|0x0000000088700000, 0x0000000088800000, 0x0000000088800000|100%| E|CS|TAMS 0x0000000088700000| PB 0x0000000088700000| Complete 
| 102|0x0000000088800000, 0x0000000088900000, 0x0000000088900000|100%| E|CS|TAMS 0x0000000088800000| PB 0x0000000088800000| Complete 
| 103|0x0000000088900000, 0x0000000088a00000, 0x0000000088a00000|100%| E|CS|TAMS 0x0000000088900000| PB 0x0000000088900000| Complete 
| 104|0x0000000088a00000, 0x0000000088b00000, 0x0000000088b00000|100%| E|CS|TAMS 0x0000000088a00000| PB 0x0000000088a00000| Complete 
| 105|0x0000000088b00000, 0x0000000088c00000, 0x0000000088c00000|100%| E|CS|TAMS 0x0000000088b00000| PB 0x0000000088b00000| Complete 
| 106|0x0000000088c00000, 0x0000000088d00000, 0x0000000088d00000|100%| E|CS|TAMS 0x0000000088c00000| PB 0x0000000088c00000| Complete 
| 107|0x0000000088d00000, 0x0000000088e00000, 0x0000000088e00000|100%| E|CS|TAMS 0x0000000088d00000| PB 0x0000000088d00000| Complete 
| 108|0x0000000088e00000, 0x0000000088f00000, 0x0000000088f00000|100%| E|CS|TAMS 0x0000000088e00000| PB 0x0000000088e00000| Complete 
| 109|0x0000000088f00000, 0x0000000089000000, 0x0000000089000000|100%| E|CS|TAMS 0x0000000088f00000| PB 0x0000000088f00000| Complete 
| 110|0x0000000089000000, 0x0000000089100000, 0x0000000089100000|100%| E|CS|TAMS 0x0000000089000000| PB 0x0000000089000000| Complete 
| 111|0x0000000089100000, 0x0000000089200000, 0x0000000089200000|100%| E|CS|TAMS 0x0000000089100000| PB 0x0000000089100000| Complete 
| 112|0x0000000089200000, 0x0000000089300000, 0x0000000089300000|100%| E|CS|TAMS 0x0000000089200000| PB 0x0000000089200000| Complete 
| 113|0x0000000089300000, 0x0000000089400000, 0x0000000089400000|100%| E|CS|TAMS 0x0000000089300000| PB 0x0000000089300000| Complete 
| 114|0x0000000089400000, 0x0000000089500000, 0x0000000089500000|100%| E|CS|TAMS 0x0000000089400000| PB 0x0000000089400000| Complete 
| 115|0x0000000089500000, 0x0000000089600000, 0x0000000089600000|100%| E|CS|TAMS 0x0000000089500000| PB 0x0000000089500000| Complete 
| 116|0x0000000089600000, 0x0000000089700000, 0x0000000089700000|100%| E|CS|TAMS 0x0000000089600000| PB 0x0000000089600000| Complete 
| 117|0x0000000089700000, 0x0000000089800000, 0x0000000089800000|100%| E|CS|TAMS 0x0000000089700000| PB 0x0000000089700000| Complete 
| 118|0x0000000089800000, 0x0000000089900000, 0x0000000089900000|100%| E|CS|TAMS 0x0000000089800000| PB 0x0000000089800000| Complete 
| 119|0x0000000089900000, 0x0000000089a00000, 0x0000000089a00000|100%| E|CS|TAMS 0x0000000089900000| PB 0x0000000089900000| Complete 
| 120|0x0000000089a00000, 0x0000000089b00000, 0x0000000089b00000|100%| E|CS|TAMS 0x0000000089a00000| PB 0x0000000089a00000| Complete 
| 121|0x0000000089b00000, 0x0000000089c00000, 0x0000000089c00000|100%| E|CS|TAMS 0x0000000089b00000| PB 0x0000000089b00000| Complete 
| 122|0x0000000089c00000, 0x0000000089d00000, 0x0000000089d00000|100%| E|CS|TAMS 0x0000000089c00000| PB 0x0000000089c00000| Complete 
| 123|0x0000000089d00000, 0x0000000089e00000, 0x0000000089e00000|100%| E|CS|TAMS 0x0000000089d00000| PB 0x0000000089d00000| Complete 
| 124|0x0000000089e00000, 0x0000000089f00000, 0x0000000089f00000|100%| E|CS|TAMS 0x0000000089e00000| PB 0x0000000089e00000| Complete 
| 125|0x0000000089f00000, 0x000000008a000000, 0x000000008a000000|100%| E|CS|TAMS 0x0000000089f00000| PB 0x0000000089f00000| Complete 

Card table byte_map: [0x0000021e78b70000,0x0000021e78f60000] _byte_map_base: 0x0000021e7875f000

Marking Bits: (CMBitMap*) 0x0000021e610c34a0
 Bits: [0x0000021e78f60000, 0x0000021e7aed8000)

Polling page: 0x0000021e5edc0000

Metaspace:

Usage:
  Non-class:     17.26 MB used.
      Class:      2.27 MB used.
       Both:     19.53 MB used.

Virtual space:
  Non-class space:       64.00 MB reserved,      17.44 MB ( 27%) committed,  1 nodes.
      Class space:        1.00 GB reserved,       2.38 MB ( <1%) committed,  1 nodes.
             Both:        1.06 GB reserved,      19.81 MB (  2%) committed. 

Chunk freelists:
   Non-Class:  14.41 MB
       Class:  13.51 MB
        Both:  27.92 MB

MaxMetaspaceSize: unlimited
CompressedClassSpaceSize: 1.00 GB
Initial GC threshold: 21.00 MB
Current GC threshold: 21.00 MB
CDS: on
 - commit_granule_bytes: 65536.
 - commit_granule_words: 8192.
 - virtual_space_node_default_size: 8388608.
 - enlarge_chunks_in_place: 1.
 - use_allocation_guard: 0.


Internal statistics:

num_allocs_failed_limit: 0.
num_arena_births: 198.
num_arena_deaths: 0.
num_vsnodes_births: 2.
num_vsnodes_deaths: 0.
num_space_committed: 317.
num_space_uncommitted: 0.
num_chunks_returned_to_freelist: 0.
num_chunks_taken_from_freelist: 878.
num_chunk_merges: 0.
num_chunk_splits: 622.
num_chunks_enlarged: 495.
num_inconsistent_stats: 0.

CodeHeap 'non-profiled nmethods': size=120000Kb used=2341Kb max_used=2341Kb free=117658Kb
 bounds [0x0000021e71250000, 0x0000021e714c0000, 0x0000021e78780000]
CodeHeap 'profiled nmethods': size=120000Kb used=9947Kb max_used=9947Kb free=110052Kb
 bounds [0x0000021e69780000, 0x0000021e6a140000, 0x0000021e70cb0000]
CodeHeap 'non-nmethods': size=5760Kb used=1428Kb max_used=1473Kb free=4331Kb
 bounds [0x0000021e70cb0000, 0x0000021e70f20000, 0x0000021e71250000]
CodeCache: size=245760Kb, used=13716Kb, max_used=13761Kb, free=232041Kb
 total_blobs=5303, nmethods=4789, adapters=419, full_count=0
Compilation: enabled, stopped_count=0, restarted_count=0

Compilation events (20 events):
Event: 7.086 Thread 0x0000021e7d3a3eb0 4780   !   3       sun.nio.fs.WindowsNativeDispatcher::FindFirstFile (75 bytes)
Event: 7.087 Thread 0x0000021e7d3a3eb0 nmethod 4780 0x0000021e6a12eb90 code [0x0000021e6a12ee00, 0x0000021e6a12f490]
Event: 7.087 Thread 0x0000021e7d3a3eb0 4781       3       sun.nio.fs.WindowsNativeDispatcher$FirstFile::<init> (5 bytes)
Event: 7.087 Thread 0x0000021e7d3a3eb0 nmethod 4781 0x0000021e6a12f890 code [0x0000021e6a12fa40, 0x0000021e6a12fba8]
Event: 7.087 Thread 0x0000021e7d3a3eb0 4782       3       sun.nio.fs.WindowsPath::addPrefixIfNeeded (17 bytes)
Event: 7.087 Thread 0x0000021e7d3a3eb0 nmethod 4782 0x0000021e6a12fc90 code [0x0000021e6a12fe60, 0x0000021e6a1300d0]
Event: 7.091 Thread 0x0000021e7d3a3eb0 4783       3       java.util.Optional::of (12 bytes)
Event: 7.091 Thread 0x0000021e7d3a3eb0 nmethod 4783 0x0000021e6a130210 code [0x0000021e6a1303e0, 0x0000021e6a130798]
Event: 7.107 Thread 0x0000021e7d3a3eb0 4784       3       java.util.zip.ZipFile$Source::checkExtraFields (161 bytes)
Event: 7.110 Thread 0x0000021e7d3a3eb0 nmethod 4784 0x0000021e6a130910 code [0x0000021e6a130ce0, 0x0000021e6a132930]
Event: 7.113 Thread 0x0000021e7d3a3eb0 4785       3       java.lang.Math::min (46 bytes)
Event: 7.113 Thread 0x0000021e7d3a3eb0 nmethod 4785 0x0000021e6a133510 code [0x0000021e6a1336c0, 0x0000021e6a1339d8]
Event: 7.119 Thread 0x0000021e7d3a3eb0 4786       3       java.util.jar.Manifest$FastInputStream::fill (38 bytes)
Event: 7.119 Thread 0x0000021e7d3a3eb0 nmethod 4786 0x0000021e6a133a90 code [0x0000021e6a133c40, 0x0000021e6a133e78]
Event: 7.125 Thread 0x0000021e7d3a3eb0 4787   !   3       java.util.zip.ZipFile::close (44 bytes)
Event: 7.126 Thread 0x0000021e7d3a3eb0 nmethod 4787 0x0000021e6a133f90 code [0x0000021e6a1341c0, 0x0000021e6a134898]
Event: 7.126 Thread 0x0000021e7d3a3eb0 4789   !   3       java.util.zip.ZipFile$CleanableResource::run (251 bytes)
Event: 7.127 Thread 0x0000021e7d3a3eb0 nmethod 4789 0x0000021e6a134c10 code [0x0000021e6a134ee0, 0x0000021e6a135f80]
Event: 7.127 Thread 0x0000021e7d3a3eb0 4788       3       java.util.zip.ZipFile$CleanableResource::clean (10 bytes)
Event: 7.127 Thread 0x0000021e7d3a3eb0 nmethod 4788 0x0000021e6a136790 code [0x0000021e6a136980, 0x0000021e6a136d80]

GC Heap History (7 events):
Event: 0.925 GC heap before
{Heap before GC invocations=0 (full 0):
 garbage-first heap   total 129024K, used 13312K [0x0000000082200000, 0x0000000100000000)
  region size 1024K, 13 young (13312K), 0 survivors (0K)
 Metaspace       used 3726K, committed 3904K, reserved 1114112K
  class space    used 391K, committed 512K, reserved 1048576K
}
Event: 0.946 GC heap after
{Heap after GC invocations=1 (full 0):
 garbage-first heap   total 129024K, used 3157K [0x0000000082200000, 0x0000000100000000)
  region size 1024K, 2 young (2048K), 2 survivors (2048K)
 Metaspace       used 3726K, committed 3904K, reserved 1114112K
  class space    used 391K, committed 512K, reserved 1048576K
}
Event: 1.533 GC heap before
{Heap before GC invocations=1 (full 0):
 garbage-first heap   total 129024K, used 19541K [0x0000000082200000, 0x0000000100000000)
  region size 1024K, 18 young (18432K), 2 survivors (2048K)
 Metaspace       used 6280K, committed 6464K, reserved 1114112K
  class space    used 742K, committed 832K, reserved 1048576K
}
Event: 1.538 GC heap after
{Heap after GC invocations=2 (full 0):
 garbage-first heap   total 129024K, used 4141K [0x0000000082200000, 0x0000000100000000)
  region size 1024K, 1 young (1024K), 1 survivors (1024K)
 Metaspace       used 6280K, committed 6464K, reserved 1114112K
  class space    used 742K, committed 832K, reserved 1048576K
}
Event: 4.032 GC heap before
{Heap before GC invocations=2 (full 0):
 garbage-first heap   total 129024K, used 78893K [0x0000000082200000, 0x0000000100000000)
  region size 1024K, 75 young (76800K), 1 survivors (1024K)
 Metaspace       used 15927K, committed 16192K, reserved 1114112K
  class space    used 1897K, committed 1984K, reserved 1048576K
}
Event: 4.054 GC heap after
{Heap after GC invocations=3 (full 0):
 garbage-first heap   total 129024K, used 12469K [0x0000000082200000, 0x0000000100000000)
  region size 1024K, 9 young (9216K), 9 survivors (9216K)
 Metaspace       used 15927K, committed 16192K, reserved 1114112K
  class space    used 1897K, committed 1984K, reserved 1048576K
}
Event: 7.136 GC heap before
{Heap before GC invocations=3 (full 0):
 garbage-first heap   total 129024K, used 113845K [0x0000000082200000, 0x0000000100000000)
  region size 1024K, 75 young (76800K), 9 survivors (9216K)
 Metaspace       used 19996K, committed 20288K, reserved 1114112K
  class space    used 2321K, committed 2432K, reserved 1048576K
}

Dll operation events (8 events):
Event: 0.009 Loaded shared library C:\Program Files\Java\jdk-21.0.8+9\bin\java.dll
Event: 0.053 Loaded shared library C:\Program Files\Java\jdk-21.0.8+9\bin\jsvml.dll
Event: 0.087 Loaded shared library C:\Program Files\Java\jdk-21.0.8+9\bin\net.dll
Event: 0.089 Loaded shared library C:\Program Files\Java\jdk-21.0.8+9\bin\nio.dll
Event: 0.094 Loaded shared library C:\Program Files\Java\jdk-21.0.8+9\bin\zip.dll
Event: 0.272 Loaded shared library C:\Program Files\Java\jdk-21.0.8+9\bin\jimage.dll
Event: 0.272 Loaded shared library C:\apache-maven-3.9.11\lib\jansi-native\Windows\x86_64\jansi.dll
Event: 0.302 Loaded shared library C:\Program Files\Java\jdk-21.0.8+9\bin\verify.dll

Deoptimization events (20 events):
Event: 6.734 Thread 0x0000021e6106d660 Uncommon trap: trap_request=0xffffffc6 fr.pc=0x0000021e712cd0e4 relative=0x0000000000000384
Event: 6.734 Thread 0x0000021e6106d660 Uncommon trap: reason=bimorphic_or_optimized_type_check action=maybe_recompile pc=0x0000021e712cd0e4 method=java.nio.Buffer.<init>(IIIILjava/lang/foreign/MemorySegment;)V @ 39 c2
Event: 6.734 Thread 0x0000021e6106d660 DEOPT PACKING pc=0x0000021e712cd0e4 sp=0x000000425bff8470
Event: 6.734 Thread 0x0000021e6106d660 DEOPT UNPACKING pc=0x0000021e70d0469c sp=0x000000425bff8418 mode 2
Event: 6.735 Thread 0x0000021e6106d660 Uncommon trap: trap_request=0xffffffc6 fr.pc=0x0000021e712cd0e4 relative=0x0000000000000384
Event: 6.735 Thread 0x0000021e6106d660 Uncommon trap: reason=bimorphic_or_optimized_type_check action=maybe_recompile pc=0x0000021e712cd0e4 method=java.nio.Buffer.<init>(IIIILjava/lang/foreign/MemorySegment;)V @ 39 c2
Event: 6.735 Thread 0x0000021e6106d660 DEOPT PACKING pc=0x0000021e712cd0e4 sp=0x000000425bff8470
Event: 6.735 Thread 0x0000021e6106d660 DEOPT UNPACKING pc=0x0000021e70d0469c sp=0x000000425bff8418 mode 2
Event: 6.924 Thread 0x0000021e6106d660 Uncommon trap: trap_request=0xffffffbe fr.pc=0x0000021e713368ac relative=0x000000000000100c
Event: 6.924 Thread 0x0000021e6106d660 Uncommon trap: reason=profile_predicate action=maybe_recompile pc=0x0000021e713368ac method=java.util.TimSort.binarySort([Ljava/lang/Object;IIILjava/util/Comparator;)V @ 34 c2
Event: 6.924 Thread 0x0000021e6106d660 DEOPT PACKING pc=0x0000021e713368ac sp=0x000000425bffdb60
Event: 6.924 Thread 0x0000021e6106d660 DEOPT UNPACKING pc=0x0000021e70d0469c sp=0x000000425bffdb30 mode 2
Event: 6.935 Thread 0x0000021e6106d660 Uncommon trap: trap_request=0xffffff45 fr.pc=0x0000021e713c6c38 relative=0x0000000000000098
Event: 6.935 Thread 0x0000021e6106d660 Uncommon trap: reason=unstable_if action=reinterpret pc=0x0000021e713c6c38 method=java.util.Spliterator.getExactSizeIfKnown()J @ 9 c2
Event: 6.935 Thread 0x0000021e6106d660 DEOPT PACKING pc=0x0000021e713c6c38 sp=0x000000425bffdd90
Event: 6.935 Thread 0x0000021e6106d660 DEOPT UNPACKING pc=0x0000021e70d0469c sp=0x000000425bffdd18 mode 2
Event: 7.059 Thread 0x0000021e6106d660 Uncommon trap: trap_request=0xffffff45 fr.pc=0x0000021e712f156c relative=0x0000000000000a8c
Event: 7.059 Thread 0x0000021e6106d660 Uncommon trap: reason=unstable_if action=reinterpret pc=0x0000021e712f156c method=jdk.internal.module.SystemModuleFinders$SystemModuleReader.find(Ljava/lang/String;)Ljava/util/Optional; @ 5 c2
Event: 7.059 Thread 0x0000021e6106d660 DEOPT PACKING pc=0x0000021e712f156c sp=0x000000425bffcbc0
Event: 7.059 Thread 0x0000021e6106d660 DEOPT UNPACKING pc=0x0000021e70d0469c sp=0x000000425bffcb98 mode 2

Classes loaded (20 events):
Event: 7.058 Loading class java/nio/file/FileStore
Event: 7.058 Loading class java/nio/file/FileStore done
Event: 7.058 Loading class java/nio/channels/AsynchronousFileChannel
Event: 7.058 Loading class java/nio/channels/AsynchronousChannel
Event: 7.058 Loading class java/nio/channels/AsynchronousChannel done
Event: 7.058 Loading class java/nio/channels/AsynchronousFileChannel done
Event: 7.058 Loading class jdk/internal/jrtfs/JrtFileSystemProvider
Event: 7.058 Loading class jdk/internal/jrtfs/JrtFileSystemProvider done
Event: 7.059 Loading class sun/net/www/protocol/jrt/JavaRuntimeURLConnection
Event: 7.059 Loading class sun/net/www/protocol/jrt/JavaRuntimeURLConnection done
Event: 7.060 Loading class sun/net/www/protocol/jrt/JavaRuntimeURLConnection$1
Event: 7.060 Loading class sun/net/www/protocol/jrt/JavaRuntimeURLConnection$1 done
Event: 7.060 Loading class jdk/internal/jimage/ImageBufferCache
Event: 7.060 Loading class jdk/internal/jimage/ImageBufferCache done
Event: 7.060 Loading class jdk/internal/jimage/ImageBufferCache$1
Event: 7.060 Loading class jdk/internal/jimage/ImageBufferCache$1 done
Event: 7.060 Loading class jdk/internal/jimage/ImageBufferCache$2
Event: 7.060 Loading class jdk/internal/jimage/ImageBufferCache$2 done
Event: 7.060 Loading class java/util/AbstractMap$SimpleEntry
Event: 7.060 Loading class java/util/AbstractMap$SimpleEntry done

Classes unloaded (0 events):
No events

Classes redefined (0 events):
No events

Internal exceptions (20 events):
Event: 2.713 Thread 0x0000021e6106d660 Exception <a 'java/lang/NoClassDefFoundError'{0x0000000087a2bee8}: com/google/inject/servlet/ServletModuleTargetVisitor> (0x0000000087a2bee8) 
thrown [s\src\hotspot\share\classfile\systemDictionary.cpp, line 301]
Event: 2.806 Thread 0x0000021e6106d660 Exception <a 'java/lang/NoSuchMethodError'{0x00000000879ecc78}: 'void java.lang.invoke.DirectMethodHandle$Holder.invokeVirtual(java.lang.Object, java.lang.Object)'> (0x00000000879ecc78) 
thrown [s\src\hotspot\share\interpreter\linkResolver.cpp, line 773]
Event: 2.858 Thread 0x0000021e6106d660 Exception <a 'java/lang/NoSuchMethodError'{0x000000008786d2b8}: 'java.lang.Object java.lang.invoke.DirectMethodHandle$Holder.invokeStaticInit(java.lang.Object, int, int, int, int)'> (0x000000008786d2b8) 
thrown [s\src\hotspot\share\interpreter\linkResolver.cpp, line 773]
Event: 3.029 Thread 0x0000021e6106d660 Implicit null exception at 0x0000021e7127c224 to 0x0000021e7127c87c
Event: 3.029 Thread 0x0000021e6106d660 Implicit null exception at 0x0000021e712813a0 to 0x0000021e712819ec
Event: 3.074 Thread 0x0000021e6106d660 Exception <a 'java/lang/NoSuchMethodError'{0x00000000873daa68}: 'void java.lang.invoke.DirectMethodHandle$Holder.invokeSpecial(java.lang.Object, java.lang.Object, java.lang.Object, java.lang.Object, java.lang.Object)'> (0x00000000873daa68) 
thrown [s\src\hotspot\share\interpreter\linkResolver.cpp, line 773]
Event: 3.077 Thread 0x0000021e6106d660 Exception <a 'java/lang/NoSuchMethodError'{0x00000000873f5590}: 'void java.lang.invoke.DirectMethodHandle$Holder.invokeSpecial(java.lang.Object, java.lang.Object, java.lang.Object, java.lang.Object, java.lang.Object, java.lang.Object)'> (0x00000000873f5590) 
thrown [s\src\hotspot\share\interpreter\linkResolver.cpp, line 773]
Event: 3.104 Thread 0x0000021e6106d660 Exception <a 'java/lang/NoSuchMethodError'{0x00000000872eab80}: 'java.lang.Object java.lang.invoke.DirectMethodHandle$Holder.invokeVirtual(java.lang.Object, java.lang.Object, java.lang.Object)'> (0x00000000872eab80) 
thrown [s\src\hotspot\share\interpreter\linkResolver.cpp, line 773]
Event: 3.190 Thread 0x0000021e6106d660 Exception <a 'java/lang/NoSuchMethodError'{0x00000000870ca4c0}: 'void java.lang.invoke.DirectMethodHandle$Holder.invokeVirtual(java.lang.Object, java.lang.Object, int)'> (0x00000000870ca4c0) 
thrown [s\src\hotspot\share\interpreter\linkResolver.cpp, line 773]
Event: 3.191 Thread 0x0000021e6106d660 Exception <a 'java/lang/NoSuchMethodError'{0x00000000870ce2d0}: 'void java.lang.invoke.DirectMethodHandle$Holder.invokeSpecial(java.lang.Object, java.lang.Object, java.lang.Object, int)'> (0x00000000870ce2d0) 
thrown [s\src\hotspot\share\interpreter\linkResolver.cpp, line 773]
Event: 3.191 Thread 0x0000021e6106d660 Exception <a 'java/lang/NoSuchMethodError'{0x00000000870d19b0}: 'void java.lang.invoke.DelegatingMethodHandle$Holder.reinvoke_L(java.lang.Object, java.lang.Object, int)'> (0x00000000870d19b0) 
thrown [s\src\hotspot\share\interpreter\linkResolver.cpp, line 773]
Event: 3.953 Thread 0x0000021e6106d660 Implicit null exception at 0x0000021e71376239 to 0x0000021e713773d0
Event: 3.953 Thread 0x0000021e6106d660 Implicit null exception at 0x0000021e7130be1a to 0x0000021e7130c024
Event: 3.953 Thread 0x0000021e6106d660 Implicit null exception at 0x0000021e7138d769 to 0x0000021e7138df38
Event: 5.856 Thread 0x0000021e6106d660 Implicit null exception at 0x0000021e713013bd to 0x0000021e71301441
Event: 6.006 Thread 0x0000021e6106d660 Exception <a 'java/lang/NoSuchMethodError'{0x0000000087cf9068}: 'java.lang.Object java.lang.invoke.DirectMethodHandle$Holder.newInvokeSpecial(java.lang.Object, java.lang.Object, java.lang.Object, java.lang.Object, java.lang.Object, java.lang.Object, java.lang.Object)'> (0x0000000087cf9068) 
thrown [s\src\hotspot\share\interpreter\linkResolver.cpp, line 773]
Event: 6.276 Thread 0x0000021e6106d660 Exception <a 'java/lang/NoSuchMethodError'{0x00000000872c8df0}: 'int java.lang.invoke.DirectMethodHandle$Holder.invokeVirtual(java.lang.Object, java.lang.Object)'> (0x00000000872c8df0) 
thrown [s\src\hotspot\share\interpreter\linkResolver.cpp, line 773]
Event: 6.934 Thread 0x0000021e6106d660 Exception <a 'java/lang/IncompatibleClassChangeError'{0x0000000086268bf8}: Found class java.lang.Object, but interface was expected> (0x0000000086268bf8) 
thrown [s\src\hotspot\share\interpreter\linkResolver.cpp, line 840]
Event: 6.935 Thread 0x0000021e6106d660 Exception <a 'java/lang/NoSuchMethodError'{0x000000008626dd98}: 'void java.lang.invoke.DirectMethodHandle$Holder.invokeInterface(java.lang.Object, java.lang.Object, java.lang.Object)'> (0x000000008626dd98) 
thrown [s\src\hotspot\share\interpreter\linkResolver.cpp, line 773]
Event: 7.053 Thread 0x0000021e6106d660 Exception <a 'java/lang/NoSuchMethodError'{0x00000000861ada70}: 'int java.lang.invoke.DirectMethodHandle$Holder.invokeInterface(java.lang.Object, java.lang.Object)'> (0x00000000861ada70) 
thrown [s\src\hotspot\share\interpreter\linkResolver.cpp, line 773]

ZGC Phase Switch (0 events):
No events

VM Operations (20 events):
Event: 2.997 Executing VM operation: HandshakeAllThreads (Deoptimize) done
Event: 3.439 Executing VM operation: ICBufferFull
Event: 3.440 Executing VM operation: ICBufferFull done
Event: 3.974 Executing VM operation: ICBufferFull
Event: 3.974 Executing VM operation: ICBufferFull done
Event: 4.032 Executing VM operation: G1CollectForAllocation (G1 Evacuation Pause)
Event: 4.054 Executing VM operation: G1CollectForAllocation (G1 Evacuation Pause) done
Event: 4.577 Executing VM operation: ICBufferFull
Event: 4.577 Executing VM operation: ICBufferFull done
Event: 5.578 Executing VM operation: Cleanup
Event: 5.578 Executing VM operation: Cleanup done
Event: 6.212 Executing VM operation: ICBufferFull
Event: 6.212 Executing VM operation: ICBufferFull done
Event: 6.779 Executing VM operation: ICBufferFull
Event: 6.779 Executing VM operation: ICBufferFull done
Event: 6.995 Executing VM operation: HandshakeAllThreads (Deoptimize)
Event: 6.995 Executing VM operation: HandshakeAllThreads (Deoptimize) done
Event: 7.051 Executing VM operation: HandshakeAllThreads (Deoptimize)
Event: 7.051 Executing VM operation: HandshakeAllThreads (Deoptimize) done
Event: 7.136 Executing VM operation: G1CollectForAllocation (G1 Evacuation Pause)

Memory protections (0 events):
No events

Nmethod flushes (0 events):
No events

Events (20 events):
Event: 0.050 Thread 0x0000021e6106d660 Thread added: 0x0000021e7d38eaa0
Event: 0.050 Thread 0x0000021e6106d660 Thread added: 0x0000021e7d38fb60
Event: 0.050 Thread 0x0000021e6106d660 Thread added: 0x0000021e7d393d80
Event: 0.051 Thread 0x0000021e6106d660 Thread added: 0x0000021e7d394980
Event: 0.051 Thread 0x0000021e6106d660 Thread added: 0x0000021e7d395580
Event: 0.051 Thread 0x0000021e6106d660 Thread added: 0x0000021e7d399680
Event: 0.051 Thread 0x0000021e6106d660 Thread added: 0x0000021e7d3a3420
Event: 0.051 Thread 0x0000021e6106d660 Thread added: 0x0000021e7d3a3eb0
Event: 0.079 Thread 0x0000021e6106d660 Thread added: 0x0000021e7d4e2d70
Event: 0.082 Thread 0x0000021e6106d660 Thread added: 0x0000021e7d4e55a0
Event: 0.224 Thread 0x0000021e7d3a3eb0 Thread added: 0x0000021e7d80e800
Event: 0.269 Thread 0x0000021e6106d660 Thread added: 0x0000021e7d87bde0
Event: 0.284 Thread 0x0000021e7d87bde0 Thread exited: 0x0000021e7d87bde0
Event: 1.134 Thread 0x0000021e7d80e800 Thread exited: 0x0000021e7d80e800
Event: 1.303 Thread 0x0000021e7d3a3eb0 Thread added: 0x0000021e7e065d50
Event: 2.340 Thread 0x0000021e7e065d50 Thread exited: 0x0000021e7e065d50
Event: 2.958 Thread 0x0000021e6106d660 Thread added: 0x0000021e7e52fea0
Event: 3.098 Thread 0x0000021e7d3a3420 Thread added: 0x0000021e7e6feca0
Event: 5.813 Thread 0x0000021e7e6feca0 Thread exited: 0x0000021e7e6feca0
Event: 5.864 Thread 0x0000021e7d3a3eb0 Thread added: 0x0000021e7e9e7e90


Dynamic libraries:
0x00007ff790ec0000 - 0x00007ff790ece000 	C:\Program Files\Java\jdk-21.0.8+9\bin\java.exe
0x00007ff999450000 - 0x00007ff999648000 	C:\Windows\SYSTEM32\ntdll.dll
0x00007ff998a30000 - 0x00007ff998af2000 	C:\Windows\System32\KERNEL32.DLL
0x00007ff996d20000 - 0x00007ff997016000 	C:\Windows\System32\KERNELBASE.dll
0x00007ff997140000 - 0x00007ff997240000 	C:\Windows\System32\ucrtbase.dll
0x00007ff9894d0000 - 0x00007ff9894ee000 	C:\Program Files\Java\jdk-21.0.8+9\bin\VCRUNTIME140.dll
0x00007ff96d320000 - 0x00007ff96d338000 	C:\Program Files\Java\jdk-21.0.8+9\bin\jli.dll
0x00007ff997470000 - 0x00007ff997611000 	C:\Windows\System32\USER32.dll
0x00007ff9972d0000 - 0x00007ff9972f2000 	C:\Windows\System32\win32u.dll
0x00007ff997fc0000 - 0x00007ff997feb000 	C:\Windows\System32\GDI32.dll
0x00007ff97b100000 - 0x00007ff97b39b000 	C:\Windows\WinSxS\amd64_microsoft.windows.common-controls_6595b64144ccf1df_6.0.19041.6456_none_60b8a6cb71f64256\COMCTL32.dll
0x00007ff997020000 - 0x00007ff997139000 	C:\Windows\System32\gdi32full.dll
0x00007ff997770000 - 0x00007ff99780e000 	C:\Windows\System32\msvcrt.dll
0x00007ff997300000 - 0x00007ff99739d000 	C:\Windows\System32\msvcp_win.dll
0x00007ff9989f0000 - 0x00007ff998a1f000 	C:\Windows\System32\IMM32.DLL
0x00007ff97dbc0000 - 0x00007ff97dbcc000 	C:\Program Files\Java\jdk-21.0.8+9\bin\vcruntime140_1.dll
0x00007ff94bd70000 - 0x00007ff94bdfd000 	C:\Program Files\Java\jdk-21.0.8+9\bin\msvcp140.dll
0x00007ff94afd0000 - 0x00007ff94bd67000 	C:\Program Files\Java\jdk-21.0.8+9\bin\server\jvm.dll
0x00007ff998100000 - 0x00007ff9981b1000 	C:\Windows\System32\ADVAPI32.dll
0x00007ff9976d0000 - 0x00007ff99776f000 	C:\Windows\System32\sechost.dll
0x00007ff9978c0000 - 0x00007ff9979e0000 	C:\Windows\System32\RPCRT4.dll
0x00007ff996c40000 - 0x00007ff996c67000 	C:\Windows\System32\bcrypt.dll
0x00007ff998b00000 - 0x00007ff998b6b000 	C:\Windows\System32\WS2_32.dll
0x00007ff996020000 - 0x00007ff99606b000 	C:\Windows\SYSTEM32\POWRPROF.dll
0x00007ff98c880000 - 0x00007ff98c8a7000 	C:\Windows\SYSTEM32\WINMM.dll
0x00007ff98ed40000 - 0x00007ff98ed4a000 	C:\Windows\SYSTEM32\VERSION.dll
0x00007ff995ee0000 - 0x00007ff995ef2000 	C:\Windows\SYSTEM32\UMPDC.dll
0x00007ff994970000 - 0x00007ff994982000 	C:\Windows\SYSTEM32\kernel.appcore.dll
0x00007ff97a660000 - 0x00007ff97a66a000 	C:\Program Files\Java\jdk-21.0.8+9\bin\jimage.dll
0x00007ff98f4b0000 - 0x00007ff98f6b1000 	C:\Windows\SYSTEM32\DBGHELP.DLL
0x00007ff983970000 - 0x00007ff9839a4000 	C:\Windows\SYSTEM32\dbgcore.DLL
0x00007ff997240000 - 0x00007ff9972c2000 	C:\Windows\System32\bcryptPrimitives.dll
0x00007ff96a8b0000 - 0x00007ff96a8cf000 	C:\Program Files\Java\jdk-21.0.8+9\bin\java.dll
0x00007ff998ca0000 - 0x00007ff999410000 	C:\Windows\System32\SHELL32.dll
0x00007ff994b70000 - 0x00007ff995315000 	C:\Windows\SYSTEM32\windows.storage.dll
0x00007ff9981c0000 - 0x00007ff998514000 	C:\Windows\System32\combase.dll
0x00007ff996510000 - 0x00007ff99653b000 	C:\Windows\SYSTEM32\Wldp.dll
0x00007ff998bd0000 - 0x00007ff998c9d000 	C:\Windows\System32\OLEAUT32.dll
0x00007ff997810000 - 0x00007ff9978bd000 	C:\Windows\System32\SHCORE.dll
0x00007ff998010000 - 0x00007ff99806b000 	C:\Windows\System32\shlwapi.dll
0x00007ff996a10000 - 0x00007ff996a34000 	C:\Windows\SYSTEM32\profapi.dll
0x00007ff94aef0000 - 0x00007ff94afc7000 	C:\Program Files\Java\jdk-21.0.8+9\bin\jsvml.dll
0x00007ff97a220000 - 0x00007ff97a230000 	C:\Program Files\Java\jdk-21.0.8+9\bin\net.dll
0x00007ff990820000 - 0x00007ff99092a000 	C:\Windows\SYSTEM32\WINHTTP.dll
0x00007ff996270000 - 0x00007ff9962da000 	C:\Windows\system32\mswsock.dll
0x00007ff969c90000 - 0x00007ff969ca6000 	C:\Program Files\Java\jdk-21.0.8+9\bin\nio.dll
0x00007ff969390000 - 0x00007ff9693a8000 	C:\Program Files\Java\jdk-21.0.8+9\bin\zip.dll
0x00007ff96b050000 - 0x00007ff96b074000 	C:\apache-maven-3.9.11\lib\jansi-native\Windows\x86_64\jansi.dll
0x00007ff98d190000 - 0x00007ff98d1a0000 	C:\Program Files\Java\jdk-21.0.8+9\bin\verify.dll

JVMTI agents: none

dbghelp: loaded successfully - version: 4.0.5 - missing functions: none
symbol engine: initialized successfully - sym options: 0x614 - pdb path: .;C:\Program Files\Java\jdk-21.0.8+9\bin;C:\Windows\SYSTEM32;C:\Windows\WinSxS\amd64_microsoft.windows.common-controls_6595b64144ccf1df_6.0.19041.6456_none_60b8a6cb71f64256;C:\Program Files\Java\jdk-21.0.8+9\bin\server;C:\apache-maven-3.9.11\lib\jansi-native\Windows\x86_64

VM Arguments:
jvm_args: --enable-native-access=ALL-UNNAMED -Dclassworlds.conf=C:\apache-maven-3.9.11\bin\m2.conf -Dmaven.home=C:\apache-maven-3.9.11 -Dlibrary.jansi.path=C:\apache-maven-3.9.11\lib\jansi-native -Dmaven.multiModuleProjectDirectory=C:\Users\wagne\WorkMatch-PI\auth-serve 
java_command: org.codehaus.plexus.classworlds.launcher.Launcher spring-boot:run
java_class_path (initial): C:\apache-maven-3.9.11\boot\plexus-classworlds-2.9.0.jar
Launcher Type: SUN_STANDARD

[Global flags]
     intx CICompilerCount                          = 3                                         {product} {ergonomic}
     uint ConcGCThreads                            = 1                                         {product} {ergonomic}
     uint G1ConcRefinementThreads                  = 4                                         {product} {ergonomic}
   size_t G1HeapRegionSize                         = 1048576                                   {product} {ergonomic}
    uintx GCDrainStackTargetSize                   = 64                                        {product} {ergonomic}
   size_t InitialHeapSize                          = 132120576                                 {product} {ergonomic}
   size_t MarkStackSize                            = 4194304                                   {product} {ergonomic}
   size_t MaxHeapSize                              = 2111832064                                {product} {ergonomic}
   size_t MaxNewSize                               = 1266679808                                {product} {ergonomic}
   size_t MinHeapDeltaBytes                        = 1048576                                   {product} {ergonomic}
   size_t MinHeapSize                              = 8388608                                   {product} {ergonomic}
    uintx NonNMethodCodeHeapSize                   = 5832780                                {pd product} {ergonomic}
    uintx NonProfiledCodeHeapSize                  = 122912730                              {pd product} {ergonomic}
    uintx ProfiledCodeHeapSize                     = 122912730                              {pd product} {ergonomic}
    uintx ReservedCodeCacheSize                    = 251658240                              {pd product} {ergonomic}
     bool SegmentedCodeCache                       = true                                      {product} {ergonomic}
   size_t SoftMaxHeapSize                          = 2111832064                             {manageable} {ergonomic}
     bool UseCompressedOops                        = true                           {product lp64_product} {ergonomic}
     bool UseG1GC                                  = true                                      {product} {ergonomic}
     bool UseLargePagesIndividualAllocation        = false                                  {pd product} {ergonomic}

Logging:
Log output configuration:
 #0: stdout all=warning uptime,level,tags foldmultilines=false
 #1: stderr all=off uptime,level,tags foldmultilines=false

Environment Variables:
JAVA_HOME=C:\Program Files\Java\jdk-21.0.8+9
CLASSPATH=.;C:\Program Files\Java\jdk-21.0.8+9\lib
PATH=C:\Program Files\Java\jdk-21.0.8+9\bin;C:\apache-maven-3.9.11\bin;C:\Program Files (x86)\Common Files\Oracle\Java\javapath;C:\Program Files\Common Files\Oracle\Java\javapath;C:\Program Files\Eclipse Adoptium\jdk-21.0.7.6-hotspot\bin;C:\Python313\Scripts\;C:\Python313\;C:\Windows\system32;C:\Windows;C:\Windows\System32\Wbem;C:\Windows\System32\WindowsPowerShell\v1.0\;C:\Windows\System32\OpenSSH\;D:\Aplicativos\dbeaver-ce-25.1.0-win32.win32.x86_64\dbeaver\jre\bin;C:\ProgramData\chocolatey\bin;C:\Program Files\nodejs;D:\Aplicativos\;C:\Program Files\Git\cmd;C:\Program Files\Java\jdk-21.0.8+9\bin;C:\Users\wagne\anaconda3;C:\Users\wagne\anaconda3\Library\mingw-w64\bin;C:\Users\wagne\anaconda3\Library\usr\bin;C:\Users\wagne\anaconda3\Library\bin;C:\Users\wagne\anaconda3\Scripts;C:\Users\wagne\AppData\Local\Microsoft\WindowsApps;C:\Users\wagne\AppData\Local\GitHubDesktop\bin;C:\Users\wagne\AppData\Local\Programs\Microsoft VS Code\bin;C:\Users\wagne\AppData\Local\Programs\cursor\resources\app\bin;C:\Users\wagne\AppData\Local\Programs\Windsurf\bin;C:\Program Files\JetBrains\IntelliJ IDEA 2025.1.2\bin;;C:\Users\wagne\AppData\Roaming\npm;C:\Program Files\Docker Toolbox;C:\Program Files\Docker Toolbox;C:\Program Files\Docker Toolbox;C:\Program Files\Docker Toolbox;
USERNAME=wagne
OS=Windows_NT
PROCESSOR_IDENTIFIER=Intel64 Family 6 Model 37 Stepping 5, GenuineIntel
TMP=C:\Users\wagne\AppData\Local\Temp
TEMP=C:\Users\wagne\AppData\Local\Temp




Periodic native trim disabled

---------------  S Y S T E M  ---------------

OS:
 Windows 10 , 64 bit Build 19041 (10.0.19041.5915)
OS uptime: 2 days 4:58 hours

CPU: total 4 (initial active 4) (2 cores per cpu, 2 threads per core) family 6 model 37 stepping 5 microcode 0x7, cx8, cmov, fxsr, ht, mmx, sse, sse2, sse3, ssse3, sse4.1, sse4.2, popcnt, tsc, tscinvbit, clflush, rdtscp
Processor Information for the first 4 processors :
  Max Mhz: 3067, Current Mhz: 3067, Mhz Limit: 3067

Memory: 4k page, system-wide physical 8052M (1436M free)
TotalPageFile size 20852M (AvailPageFile size 8293M)
current process WorkingSet (physical memory assigned to process): 227M, peak: 227M
current process commit charge ("private bytes"): 260M, peak: 269M

vm_info: OpenJDK 64-Bit Server VM (21.0.8+9-LTS) for windows-amd64 JRE (21.0.8+9-LTS), built on 2025-07-15T00:00:00Z by "admin" with MS VC++ 17.7 (VS2022)

END.
